

***********************************************************************
Fatal NI connect error 12541, connecting to:
 (DESCRIPTION=(ADDRESS=(PROTOCOL=TCP)(HOST=psl-arif)(PORT=1521))(CONNECT_DATA=(SERVER=DEDICATED)(SERVICE_NAME=dbpsl)(CID=(PROGRAM=D:\DevSuiteHome_1\bin\frmbld.exe)(HOST=PSL-ARIF)(USER=psl))))

  VERSION INFORMATION:
	TNS for 32-bit Windows: Version 10.1.0.4.0 - Production
	Windows NT TCP/IP NT Protocol Adapter for 32-bit Windows: Version 10.1.0.4.0 - Production
  Time: 19-JUN-2011 11:49:14
  Tracing not turned on.
  Tns error struct:
    ns main err code: 12541
    TNS-12541: TNS:no listener
    ns secondary err code: 12560
    nt main err code: 511
    TNS-00511: No listener
    nt secondary err code: 61
    nt OS err code: 0


***********************************************************************
Fatal NI connect error 12541, connecting to:
 (DESCRIPTION=(ADDRESS=(PROTOCOL=TCP)(HOST=tcb16)(PORT=1521))(CONNECT_DATA=(SERVER=DEDICATED)(SERVICE_NAME=dbpsl)(CID=(PROGRAM=D:\DevSuiteHome_1\bin\frmbld.exe)(HOST=TCB16)(USER=user))))

  VERSION INFORMATION:
	TNS for 32-bit Windows: Version 10.1.0.4.0 - Production
	Windows NT TCP/IP NT Protocol Adapter for 32-bit Windows: Version 10.1.0.4.0 - Production
  Time: 14-SEP-2011 11:34:57
  Tracing not turned on.
  Tns error struct:
    ns main err code: 12541
    TNS-12541: TNS:no listener
    ns secondary err code: 12560
    nt main err code: 511
    TNS-00511: No listener
    nt secondary err code: 61
    nt OS err code: 0
